
Date/Time (GMT+1): 2020-09-26 09:17:52
URL: https://api.paystack.co/charge
Payload: {
    "amount": 100000,
    "email": "akeem@aweklin.com",
    "qr": {
        "provider": "visa"
    }
}
Response: {
    "status": false,
    "message": "Charge attempted",
    "data": {
        "reference": "v8rvcyffalw7zco",
        "status": "failed"
    }
}

=========================================================

Date/Time (GMT+1): 2020-09-26 09:41:11
URL: https://api.paystack.co/charge
Payload: {
    "amount": 100000,
    "email": "akeem@aweklin.com",
    "qr": {
        "provider": "visa"
    }
}
Response: {
    "status": false,
    "message": "Charge attempted",
    "data": {
        "reference": "6o40zhb9nyk2v7i",
        "status": "failed"
    }
}

=========================================================

Date/Time (GMT+1): 2020-09-26 09:45:26
URL: https://api.paystack.co/charge
Payload: {
    "amount": 100000,
    "email": "akeem@aweklin.com",
    "qr": {
        "provider": "visa"
    }
}
Response: {
    "status": false,
    "message": "Charge attempted",
    "data": {
        "reference": "boqnp8skebc697n",
        "status": "failed"
    }
}

=========================================================

Date/Time (GMT+1): 2020-09-26 09:48:01
URL: https://api.paystack.co/charge
Payload: {
    "amount": 100000,
    "email": "akeem@aweklin.com",
    "qr": {
        "provider": "visa"
    }
}
Response: {
    "status": false,
    "message": "Charge attempted",
    "data": {
        "reference": "sf4xjny9j198sey",
        "status": "failed"
    }
}

=========================================================

Date/Time (GMT+1): 2020-09-26 09:48:01
URL: https://api.paystack.co/charge
Payload: {
    "amount": 100000,
    "email": "akeem@aweklin.com",
    "qr": {
        "provider": "visa"
    }
}
Response: gethostbyaddr(): Address is not a valid IPv4 or IPv6 address

=========================================================

Date/Time (GMT+1): 2020-09-26 09:48:49
URL: https://api.paystack.co/charge
Payload: {
    "amount": 100000,
    "email": "akeem@aweklin.com",
    "qr": {
        "provider": "visa"
    }
}
Response: {
    "status": false,
    "message": "Charge attempted",
    "data": {
        "reference": "zvmzcjmpufm921n",
        "status": "failed"
    }
}

=========================================================

Date/Time (GMT+1): 2020-09-26 09:51:48
URL: https://api.paystack.co/charge
Payload: {
    "amount": 100000,
    "email": "akeem@aweklin.com",
    "qr": {
        "provider": "visa"
    }
}
Response: {
    "status": false,
    "message": "Charge attempted",
    "data": {
        "reference": "thvbo7vhibobys2",
        "status": "failed"
    }
}

=========================================================

Date/Time (GMT+1): 2020-09-26 09:51:48
URL: https://api.paystack.co/charge
Payload: {
    "amount": 100000,
    "email": "akeem@aweklin.com",
    "qr": {
        "provider": "visa"
    }
}
Response: Undefined variable: hostName

=========================================================

Date/Time (GMT+1): 2020-09-26 09:53:20
URL: https://api.paystack.co/charge
Payload: {
    "amount": 100000,
    "email": "akeem@aweklin.com",
    "qr": {
        "provider": "visa"
    }
}
Response: {
    "status": false,
    "message": "Charge attempted",
    "data": {
        "reference": "81x7abq0vszqcgu",
        "status": "failed"
    }
}

=========================================================

Date/Time (GMT+1): 2020-09-26 09:53:56
URL: https://api.paystack.co/charge
Payload: {
    "amount": 100000,
    "email": "akeem@aweklin.com",
    "qr": {
        "provider": "visa"
    }
}
Response: {
    "status": false,
    "message": "Charge attempted",
    "data": {
        "reference": "qw84ftula3e2h4v",
        "status": "failed"
    }
}

=========================================================

Date/Time (GMT+1): 2020-09-26 10:09:11
URL: https://api.paystack.co/charge
Payload: {
    "amount": 100000,
    "email": "akeem@aweklin.com",
    "qr": {
        "provider": "visa"
    }
}
Response: {
    "status": false,
    "message": "Charge attempted",
    "data": {
        "reference": "792in6081qia1nx",
        "status": "failed"
    }
}

=========================================================

Date/Time (GMT+1): 2020-09-26 10:26:22
URL: https://api.paystack.co/charge
Payload: {
    "amount": 100000,
    "email": "akeem@aweklin.com"
}
Response: {
    "status": false,
    "message": "Authorization code, card object, bank object, ussd object, mobile money object, or qr object is required"
}

=========================================================

Date/Time (GMT+1): 2020-09-26 10:26:41
URL: https://api.paystack.co/charge
Payload: {
    "amount": 100000,
    "email": "akeem@aweklin.com"
}
Response: {
    "status": false,
    "message": "Authorization code, card object, bank object, ussd object, mobile money object, or qr object is required"
}

=========================================================

Date/Time (GMT+1): 2020-09-26 10:27:53
URL: https://api.paystack.co/charge
Payload: {
    "amount": 100000,
    "email": "akeem@aweklin.com"
}
Response: {
    "status": false,
    "message": "Authorization code, card object, bank object, ussd object, mobile money object, or qr object is required"
}

=========================================================

Date/Time (GMT+1): 2020-09-26 10:31:31
URL: https://api.paystack.co/charge
Payload: {
    "amount": 100000,
    "email": "akeem@aweklin.com"
}
Response: {
    "status": false,
    "message": "Authorization code, card object, bank object, ussd object, mobile money object, or qr object is required"
}

=========================================================

Date/Time (GMT+1): 2020-09-26 10:31:52
URL: https://api.paystack.co/charge
Payload: {
    "amount": 100000,
    "email": "akeem@aweklin.com"
}
Response: {
    "status": false,
    "message": "Authorization code, card object, bank object, ussd object, mobile money object, or qr object is required"
}

=========================================================

Date/Time (GMT+1): 2020-09-26 10:32:03
URL: https://api.paystack.co/charge
Payload: {
    "amount": 100000,
    "email": "akeem@aweklin.com"
}
Response: {
    "status": false,
    "message": "Authorization code, card object, bank object, ussd object, mobile money object, or qr object is required"
}

=========================================================

Date/Time (GMT+1): 2020-09-26 14:52:32
URL: https://api.paystack.co/transaction/check_authorization
Payload: {
    "email": "akeem@aweklin.com",
    "amount": 100000,
    "authorization_code": "AUTH_lf79v8ohdm"
}
Response: {
    "status": false,
    "message": "Transaction ID should be numeric."
}

=========================================================

Date/Time (GMT+1): 2020-09-26 14:54:23
URL: https://api.paystack.co/charge_authorization
Payload: {
    "amount": 100000,
    "email": "akeem@aweklin.com",
    "authorization_code": "AUTH_lf79v8ohdm"
}
Response: 

=========================================================

Date/Time (GMT+1): 2020-09-26 14:59:31
URL: https://api.paystack.co/transaction/check_authorization
Payload: {
    "email": "akeem@aweklin.com",
    "amount": 100000,
    "authorization_code": "AUTH_lf79v8ohdm"
}
Response: {
    "status": false,
    "message": "Transaction ID should be numeric."
}

=========================================================

Date/Time (GMT+1): 2020-09-26 14:59:38
URL: https://api.paystack.co/transaction/charge_authorization
Payload: {
    "amount": 100000,
    "email": "akeem@aweklin.com",
    "authorization_code": "AUTH_lf79v8ohdm"
}
Response: {
    "status": true,
    "message": "Charge attempted",
    "data": {
        "amount": 100000,
        "currency": "NGN",
        "transaction_date": "2020-09-26T13:58:05.000Z",
        "status": "success",
        "reference": "wkkb8vglyz4q9no",
        "domain": "test",
        "metadata": "",
        "gateway_response": "Approved",
        "message": null,
        "channel": "card",
        "ip_address": null,
        "log": null,
        "fees": 1500,
        "authorization": {
            "authorization_code": "AUTH_lf79v8ohdm",
            "bin": "408408",
            "last4": "4081",
            "exp_month": "12",
            "exp_year": "2021",
            "channel": "card",
            "card_type": "visa ",
            "bank": "TEST BANK",
            "country_code": "NG",
            "brand": "visa",
            "reusable": true,
            "signature": "SIG_AvIVoH7DXNrnBjdUvies",
            "account_name": null
        },
        "customer": {
            "id": 1664722,
            "first_name": "Akeem",
            "last_name": "Aweda",
            "email": "akeem@aweklin.com",
            "customer_code": "CUS_pf12ewad2d16gpm",
            "phone": null,
            "metadata": {
                "photos": [
                    {
                        "type": "gravatar",
                        "typeId": "gravatar",
                        "typeName": "Gravatar",
                        "url": "https:\/\/d2ojpxxtu63wzl.cloudfront.net\/static\/f7ba0bdf21bb69960a825a17a7da18e5_1be82fac5d5363e06a235e770266ad4b62ed9765fa3c6ac5abad285dd691e300",
                        "isPrimary": true
                    }
                ]
            },
            "risk_action": "default",
            "international_format_phone": null
        },
        "plan": null,
        "id": 825243238
    }
}

=========================================================

Date/Time (GMT+1): 2020-09-26 15:06:44
URL: https://api.paystack.co/transaction/check_authorization
Payload: {
    "email": "akeem@aweklin.com",
    "amount": 100000,
    "authorization_code": "AUTH_lf79v8ohdm"
}
Response: {
    "status": true,
    "message": "Authorization is valid for this amount",
    "data": {
        "amount": 100000,
        "currency": "NGN"
    }
}

=========================================================

Date/Time (GMT+1): 2020-09-26 15:09:13
URL: https://api.paystack.co/transaction/check_authorization
Payload: {
    "email": "akeem@aweklin.com",
    "amount": 100000,
    "authorization_code": "1234"
}
Response: {
    "status": false,
    "message": "Authorization code is invalid"
}

=========================================================

Date/Time (GMT+1): 2020-09-26 15:09:13
URL: https://api.paystack.co/transaction/check_authorization
Payload: {
    "email": "akeem@aweklin.com",
    "amount": 100000,
    "authorization_code": "AUTH_lf79v8ohdm"
}
Response: {
    "status": true,
    "message": "Authorization is valid for this amount",
    "data": {
        "amount": 100000,
        "currency": "NGN"
    }
}

=========================================================

Date/Time (GMT+1): 2020-09-26 15:10:09
URL: https://api.paystack.co/transaction/check_authorization
Payload: {
    "email": "akeem@aweklin.com",
    "amount": 100000,
    "authorization_code": "1234"
}
Response: {
    "status": false,
    "message": "Authorization code is invalid"
}

=========================================================

Date/Time (GMT+1): 2020-09-26 15:10:10
URL: https://api.paystack.co/transaction/check_authorization
Payload: {
    "email": "akeem@aweklin.com",
    "amount": 100000,
    "authorization_code": "AUTH_lf79v8ohdm"
}
Response: {
    "status": true,
    "message": "Authorization is valid for this amount",
    "data": {
        "amount": 100000,
        "currency": "NGN"
    }
}

=========================================================

Date/Time (GMT+1): 2020-09-26 15:13:26
URL: https://api.paystack.co/transaction/check_authorization
Payload: {
    "email": "akeem@aweklin.com",
    "amount": 100000,
    "authorization_code": "1234"
}
Response: {
    "status": false,
    "message": "Authorization code is invalid"
}

=========================================================

Date/Time (GMT+1): 2020-09-26 15:13:26
URL: https://api.paystack.co/transaction/check_authorization
Payload: {
    "email": "akeem@aweklin.com",
    "amount": 100000,
    "authorization_code": "AUTH_lf79v8ohdm"
}
Response: {
    "status": true,
    "message": "Authorization is valid for this amount",
    "data": {
        "amount": 100000,
        "currency": "NGN"
    }
}

=========================================================

Date/Time (GMT+1): 2020-09-26 15:15:50
URL: https://api.paystack.co/transaction/check_authorization
Payload: {
    "email": "akeem@aweklin.com",
    "amount": 100000,
    "authorization_code": "1234"
}
Response: {
    "status": false,
    "message": "Authorization code is invalid"
}

=========================================================

Date/Time (GMT+1): 2020-09-26 15:15:51
URL: https://api.paystack.co/transaction/check_authorization
Payload: {
    "email": "akeem@aweklin.com",
    "amount": 100000,
    "authorization_code": "AUTH_lf79v8ohdm"
}
Response: {
    "status": true,
    "message": "Authorization is valid for this amount",
    "data": {
        "amount": 100000,
        "currency": "NGN"
    }
}

=========================================================

Date/Time (GMT+1): 2020-09-26 15:15:52
URL: https://api.paystack.co/transaction/charge_authorization
Payload: {
    "amount": 100000,
    "email": "akeem@aweklin.com",
    "authorization_code": "AUTH_lf79v8ohdm"
}
Response: {
    "status": true,
    "message": "Charge attempted",
    "data": {
        "amount": 100000,
        "currency": "NGN",
        "transaction_date": "2020-09-26T14:14:21.000Z",
        "status": "success",
        "reference": "45xzfxqeyi0zl71",
        "domain": "test",
        "metadata": "",
        "gateway_response": "Approved",
        "message": null,
        "channel": "card",
        "ip_address": null,
        "log": null,
        "fees": 1500,
        "authorization": {
            "authorization_code": "AUTH_lf79v8ohdm",
            "bin": "408408",
            "last4": "4081",
            "exp_month": "12",
            "exp_year": "2021",
            "channel": "card",
            "card_type": "visa ",
            "bank": "TEST BANK",
            "country_code": "NG",
            "brand": "visa",
            "reusable": true,
            "signature": "SIG_AvIVoH7DXNrnBjdUvies",
            "account_name": null
        },
        "customer": {
            "id": 1664722,
            "first_name": "Akeem",
            "last_name": "Aweda",
            "email": "akeem@aweklin.com",
            "customer_code": "CUS_pf12ewad2d16gpm",
            "phone": null,
            "metadata": {
                "photos": [
                    {
                        "type": "gravatar",
                        "typeId": "gravatar",
                        "typeName": "Gravatar",
                        "url": "https:\/\/d2ojpxxtu63wzl.cloudfront.net\/static\/f7ba0bdf21bb69960a825a17a7da18e5_1be82fac5d5363e06a235e770266ad4b62ed9765fa3c6ac5abad285dd691e300",
                        "isPrimary": true
                    }
                ]
            },
            "risk_action": "default",
            "international_format_phone": null
        },
        "plan": null,
        "id": 825261645
    }
}

=========================================================

Date/Time (GMT+1): 2020-09-26 19:10:12
URL: https://api.paystack.co/transaction/verify/abcd
Payload: 
Response: API Secrete key is required.

=========================================================

Date/Time (GMT+1): 2020-09-26 19:10:13
URL: https://api.paystack.co/transaction/verify/abcd
Payload: 
Response: {
    "status": false,
    "message": "Transaction reference not found"
}

=========================================================

Date/Time (GMT+1): 2020-09-26 19:10:13
URL: https://api.paystack.co/transaction/verify/trx_bywbb26t
Payload: 
Response: {
    "status": true,
    "message": "Verification successful",
    "data": {
        "id": 818102247,
        "domain": "test",
        "status": "success",
        "reference": "trx_bywbb26t",
        "amount": 985000,
        "message": null,
        "gateway_response": "Approved",
        "paid_at": "2020-09-20T14:26:19.000Z",
        "created_at": "2020-09-20T14:26:19.000Z",
        "channel": "card",
        "currency": "NGN",
        "ip_address": null,
        "metadata": 0,
        "log": null,
        "fees": 24775,
        "fees_split": null,
        "authorization": {
            "authorization_code": "AUTH_lf79v8ohdm",
            "bin": "408408",
            "last4": "4081",
            "exp_month": "12",
            "exp_year": "2021",
            "channel": "card",
            "card_type": "visa ",
            "bank": "TEST BANK",
            "country_code": "NG",
            "brand": "visa",
            "reusable": true,
            "signature": "SIG_AvIVoH7DXNrnBjdUvies",
            "account_name": null
        },
        "customer": {
            "id": 1664722,
            "first_name": "Akeem",
            "last_name": "Aweda",
            "email": "akeem@aweklin.com",
            "customer_code": "CUS_pf12ewad2d16gpm",
            "phone": null,
            "metadata": {
                "photos": [
                    {
                        "type": "gravatar",
                        "typeId": "gravatar",
                        "typeName": "Gravatar",
                        "url": "https:\/\/d2ojpxxtu63wzl.cloudfront.net\/static\/f7ba0bdf21bb69960a825a17a7da18e5_1be82fac5d5363e06a235e770266ad4b62ed9765fa3c6ac5abad285dd691e300",
                        "isPrimary": true
                    }
                ]
            },
            "risk_action": "default",
            "international_format_phone": null
        },
        "plan": null,
        "split": [],
        "order_id": null,
        "paidAt": "2020-09-20T14:26:19.000Z",
        "createdAt": "2020-09-20T14:26:19.000Z",
        "requested_amount": null,
        "transaction_date": "2020-09-20T14:26:19.000Z",
        "plan_object": [],
        "subaccount": []
    }
}

=========================================================

Date/Time (GMT+1): 2020-09-26 19:10:14
URL: https://api.paystack.co/charge
Payload: {
    "amount": 100000,
    "email": "akeem@aweklin.com",
    "currency": "NGN",
    "mobile_money": {
        "phone": "07085287169",
        "provider": "Airtel"
    }
}
Response: {
    "status": false,
    "message": "Charge attempted",
    "data": {
        "reference": "ejoffeab6zhz0s0",
        "status": "failed",
        "message": "Currency not yet supported"
    }
}

=========================================================

Date/Time (GMT+1): 2020-09-26 19:10:15
URL: https://api.paystack.co/charge
Payload: {
    "amount": 100000,
    "email": "akeem@aweklin.com",
    "bank": {
        "code": "058",
        "account_number": "0690542668"
    }
}
Response: {
    "status": false,
    "message": "Bank channel not supported for this bank"
}

=========================================================

Date/Time (GMT+1): 2020-09-26 19:10:15
URL: https://api.paystack.co/charge
Payload: {
    "amount": 100000,
    "email": "akeem@aweklin.com",
    "bank": {
        "code": "057",
        "account_number": "0690542668"
    }
}
Response: {
    "status": true,
    "message": "Charge attempted",
    "data": {
        "reference": "xrjo6z5pml6ann9",
        "status": "send_birthday",
        "display_text": "Please enter your birthday"
    }
}

=========================================================

Date/Time (GMT+1): 2020-09-26 19:10:16
URL: https://api.paystack.co/charge
Payload: {
    "amount": 100000,
    "email": "akeem@aweklin.com",
    "bank": {
        "code": "057",
        "account_number": "0690542668"
    },
    "birthday": "1995-12-23"
}
Response: {
    "status": false,
    "message": "Charge attempted",
    "data": {
        "reference": "rl6k4ooq2aprddw",
        "status": "failed",
        "message": "Our Test Bank account for eMandate is\nZenith Bank\nAccount:0000000000\nToken:123456"
    }
}

=========================================================

Date/Time (GMT+1): 2020-09-26 19:10:17
URL: https://api.paystack.co/charge
Payload: {
    "amount": 100000,
    "email": "akeem@aweklin.com",
    "currency": "GHS",
    "mobile_money": {
        "phone": "0553241149",
        "provider": "MTN"
    }
}
Response: {
    "status": false,
    "message": "Currency not supported by merchant"
}

=========================================================

Date/Time (GMT+1): 2020-09-26 19:10:18
URL: https://api.paystack.co/charge
Payload: {
    "amount": 100000,
    "email": "akeem@aweklin.com",
    "ussd": {
        "type": "737"
    }
}
Response: {
    "status": true,
    "message": "Charge attempted",
    "data": {
        "reference": "6u8ehrpl3yz4m5x",
        "status": "pay_offline",
        "display_text": "Please dial *737*33*4*08064# on your mobile phone to complete the transaction",
        "ussd_code": "*737*33*4*08064#"
    }
}

=========================================================

Date/Time (GMT+1): 2020-09-26 19:10:19
URL: https://api.paystack.co/charge
Payload: {
    "amount": 100000,
    "email": "akeem@aweklin.com",
    "qr": {
        "provider": "visa"
    }
}
Response: {
    "status": false,
    "message": "Charge attempted",
    "data": {
        "reference": "4c1ntwjfgch2v1i",
        "status": "failed"
    }
}

=========================================================

Date/Time (GMT+1): 2020-09-26 19:10:20
URL: https://api.paystack.co/transaction/check_authorization
Payload: {
    "email": "akeem@aweklin.com",
    "amount": 100000,
    "authorization_code": "1234"
}
Response: {
    "status": false,
    "message": "Authorization code is invalid"
}

=========================================================

Date/Time (GMT+1): 2020-09-26 19:10:20
URL: https://api.paystack.co/transaction/check_authorization
Payload: {
    "email": "akeem@aweklin.com",
    "amount": 100000,
    "authorization_code": "AUTH_lf79v8ohdm"
}
Response: {
    "status": true,
    "message": "Authorization is valid for this amount",
    "data": {
        "amount": 100000,
        "currency": "NGN"
    }
}

=========================================================

Date/Time (GMT+1): 2020-09-26 19:10:21
URL: https://api.paystack.co/transaction/charge_authorization
Payload: {
    "amount": 100000,
    "email": "akeem@aweklin.com",
    "authorization_code": "AUTH_lf79v8ohdm"
}
Response: {
    "status": true,
    "message": "Charge attempted",
    "data": {
        "amount": 100000,
        "currency": "NGN",
        "transaction_date": "2020-09-26T18:08:50.000Z",
        "status": "success",
        "reference": "pv9zocw4umloizc",
        "domain": "test",
        "metadata": "",
        "gateway_response": "Approved",
        "message": null,
        "channel": "card",
        "ip_address": null,
        "log": null,
        "fees": 1500,
        "authorization": {
            "authorization_code": "AUTH_lf79v8ohdm",
            "bin": "408408",
            "last4": "4081",
            "exp_month": "12",
            "exp_year": "2021",
            "channel": "card",
            "card_type": "visa ",
            "bank": "TEST BANK",
            "country_code": "NG",
            "brand": "visa",
            "reusable": true,
            "signature": "SIG_AvIVoH7DXNrnBjdUvies",
            "account_name": null
        },
        "customer": {
            "id": 1664722,
            "first_name": "Akeem",
            "last_name": "Aweda",
            "email": "akeem@aweklin.com",
            "customer_code": "CUS_pf12ewad2d16gpm",
            "phone": null,
            "metadata": {
                "photos": [
                    {
                        "type": "gravatar",
                        "typeId": "gravatar",
                        "typeName": "Gravatar",
                        "url": "https:\/\/d2ojpxxtu63wzl.cloudfront.net\/static\/f7ba0bdf21bb69960a825a17a7da18e5_1be82fac5d5363e06a235e770266ad4b62ed9765fa3c6ac5abad285dd691e300",
                        "isPrimary": true
                    }
                ]
            },
            "risk_action": "default",
            "international_format_phone": null
        },
        "plan": null,
        "id": 825623105
    }
}

=========================================================

Date/Time (GMT+1): 2020-09-26 20:05:20
URL: https://api.paystack.co/refund
Payload: {
    "transaction": "825243238",
    "currency": "NGN"
}
Response: {
    "status": true,
    "message": "Refund has been queued for processing",
    "data": {
        "transaction": {
            "id": 825243238,
            "reference": "wkkb8vglyz4q9no",
            "amount": 100000,
            "paid_at": "2020-09-26T13:58:05.000Z",
            "channel": "card",
            "currency": "NGN",
            "authorization": {
                "exp_month": null,
                "exp_year": null,
                "account_name": null
            },
            "customer": {
                "international_format_phone": null
            },
            "plan": [],
            "subaccount": {
                "currency": null
            },
            "split": [],
            "order_id": null,
            "paidAt": "2020-09-26T13:58:05.000Z"
        },
        "integration": 138845,
        "deducted_amount": 0,
        "channel": null,
        "merchant_note": "Refund for transaction wkkb8vglyz4q9no by abiodunaremu@gmail.com",
        "customer_note": "Refund for transaction wkkb8vglyz4q9no",
        "status": "pending",
        "refunded_by": "abiodunaremu@gmail.com",
        "expected_at": "2020-10-06T19:02:14.659Z",
        "currency": "NGN",
        "domain": "test",
        "amount": 100000,
        "fully_deducted": false,
        "id": 971134,
        "createdAt": "2020-09-26T19:02:15.149Z",
        "updatedAt": "2020-09-26T19:02:15.149Z"
    }
}

=========================================================

Date/Time (GMT+1): 2020-09-26 20:47:51
URL: https://api.paystack.co/refund/825243238
Payload: 
Response: {
    "status": false,
    "message": "Refund not found"
}

=========================================================

Date/Time (GMT+1): 2020-09-26 20:50:15
URL: https://api.paystack.co/refund/971134
Payload: 
Response: {
    "status": true,
    "message": "Refund retrieved",
    "data": {
        "integration": 138845,
        "transaction": 825243238,
        "dispute": null,
        "settlement": null,
        "id": 971134,
        "domain": "test",
        "currency": "NGN",
        "amount": 100000,
        "status": "processed",
        "refunded_at": null,
        "refunded_by": "abiodunaremu@gmail.com",
        "customer_note": "Refund for transaction wkkb8vglyz4q9no",
        "merchant_note": "Refund for transaction wkkb8vglyz4q9no by abiodunaremu@gmail.com",
        "deducted_amount": 100000,
        "fully_deducted": true,
        "createdAt": "2020-09-26T19:02:15.000Z"
    }
}

=========================================================

Date/Time (GMT+1): 2020-09-26 20:53:34
URL: https://api.paystack.co/refund/971134
Payload: 
Response: {
    "status": true,
    "message": "Refund retrieved",
    "data": {
        "integration": 138845,
        "transaction": 825243238,
        "dispute": null,
        "settlement": null,
        "id": 971134,
        "domain": "test",
        "currency": "NGN",
        "amount": 100000,
        "status": "processed",
        "refunded_at": null,
        "refunded_by": "abiodunaremu@gmail.com",
        "customer_note": "Refund for transaction wkkb8vglyz4q9no",
        "merchant_note": "Refund for transaction wkkb8vglyz4q9no by abiodunaremu@gmail.com",
        "deducted_amount": 100000,
        "fully_deducted": true,
        "createdAt": "2020-09-26T19:02:15.000Z"
    }
}

=========================================================

Date/Time (GMT+1): 2020-09-26 20:54:14
URL: https://api.paystack.co/refund/971134
Payload: 
Response: {
    "status": true,
    "message": "Refund retrieved",
    "data": {
        "integration": 138845,
        "transaction": 825243238,
        "dispute": null,
        "settlement": null,
        "id": 971134,
        "domain": "test",
        "currency": "NGN",
        "amount": 100000,
        "status": "processed",
        "refunded_at": null,
        "refunded_by": "abiodunaremu@gmail.com",
        "customer_note": "Refund for transaction wkkb8vglyz4q9no",
        "merchant_note": "Refund for transaction wkkb8vglyz4q9no by abiodunaremu@gmail.com",
        "deducted_amount": 100000,
        "fully_deducted": true,
        "createdAt": "2020-09-26T19:02:15.000Z"
    }
}

=========================================================
