
Date/Time (GMT+1): 2020-09-27 16:31:46
URL: https://api.paystack.co/transferrecipient
Payload: {
    "type": "nuban",
    "name": "Akeem Aweda",
    "account_number": "0000000000",
    "bank_code": "057",
    "currency": "NGN"
}
Response: {
    "status": false,
    "message": "Cannot resolve account"
}

=========================================================

Date/Time (GMT+1): 2020-09-27 16:35:33
URL: https://api.paystack.co/transferrecipient
Payload: {
    "type": "nuban",
    "name": "Akeem Aweda",
    "account_number": "0690542668",
    "bank_code": "044",
    "currency": "NGN"
}
Response: {
    "status": true,
    "message": "Transfer recipient created successfully",
    "data": {
        "active": true,
        "createdAt": "2020-09-27T15:32:13.341Z",
        "currency": "NGN",
        "domain": "test",
        "id": 9173413,
        "integration": 138845,
        "name": "Akeem Aweda",
        "recipient_code": "RCP_ze1rqg1opaqhhoz",
        "type": "nuban",
        "updatedAt": "2020-09-27T15:32:13.341Z",
        "is_deleted": false,
        "details": {
            "authorization_code": null,
            "account_number": "0690542668",
            "account_name": null,
            "bank_code": "044",
            "bank_name": "Access Bank"
        }
    }
}

=========================================================

Date/Time (GMT+1): 2020-09-27 16:54:57
URL: https://api.paystack.co/transferrecipient/9173413
Payload: {
    "name": "Akeem Aweda",
    "email": "akeem@aweklin.com",
    "description": "A sample test account"
}
Response: {
    "status": false,
    "message": "Recipient batch is required"
}

=========================================================

Date/Time (GMT+1): 2020-09-27 16:58:21
URL: https://api.paystack.co/transferrecipient/?perPage=50&page=1
Payload: 
Response: {
    "status": true,
    "message": "Recipients retrieved",
    "data": [
        {
            "active": true,
            "createdAt": "2020-09-27T15:32:13.000Z",
            "currency": "NGN",
            "description": null,
            "domain": "test",
            "email": null,
            "id": 9173413,
            "integration": 138845,
            "metadata": null,
            "name": "Akeem Aweda",
            "recipient_code": "RCP_ze1rqg1opaqhhoz",
            "type": "nuban",
            "updatedAt": "2020-09-27T15:32:13.000Z",
            "is_deleted": false,
            "details": {
                "authorization_code": null,
                "account_number": "0690542668",
                "account_name": null,
                "bank_code": "044",
                "bank_name": "Access Bank"
            }
        }
    ],
    "meta": {
        "total": 1,
        "skipped": 0,
        "perPage": "50",
        "page": 1,
        "pageCount": 1
    }
}

=========================================================

Date/Time (GMT+1): 2020-09-27 16:58:34
URL: https://api.paystack.co/transferrecipient/?perPage=50&page=1
Payload: 
Response: {
    "status": true,
    "message": "Recipients retrieved",
    "data": [
        {
            "active": true,
            "createdAt": "2020-09-27T15:32:13.000Z",
            "currency": "NGN",
            "description": null,
            "domain": "test",
            "email": null,
            "id": 9173413,
            "integration": 138845,
            "metadata": null,
            "name": "Akeem Aweda",
            "recipient_code": "RCP_ze1rqg1opaqhhoz",
            "type": "nuban",
            "updatedAt": "2020-09-27T15:32:13.000Z",
            "is_deleted": false,
            "details": {
                "authorization_code": null,
                "account_number": "0690542668",
                "account_name": null,
                "bank_code": "044",
                "bank_name": "Access Bank"
            }
        }
    ],
    "meta": {
        "total": 1,
        "skipped": 0,
        "perPage": "50",
        "page": 1,
        "pageCount": 1
    }
}

=========================================================

Date/Time (GMT+1): 2020-09-27 17:09:39
URL: https://api.paystack.co/transferrecipient/9173413
Payload: 
Response: {
    "status": true,
    "message": "Recipient retrieved",
    "data": {
        "integration": 138845,
        "domain": "test",
        "type": "nuban",
        "currency": "NGN",
        "name": "Akeem Aweda",
        "details": {
            "account_number": "0690542668",
            "account_name": null,
            "bank_code": "044",
            "bank_name": "Access Bank"
        },
        "description": null,
        "metadata": null,
        "recipient_code": "RCP_ze1rqg1opaqhhoz",
        "active": true,
        "email": null,
        "id": 9173413,
        "isDeleted": false,
        "createdAt": "2020-09-27T15:32:13.000Z",
        "updatedAt": "2020-09-27T15:32:13.000Z"
    }
}

=========================================================

Date/Time (GMT+1): 2020-09-27 18:31:57
URL: https://api.paystack.co/transfer
Payload: {
    "source": "balance",
    "recipient": "0000",
    "amount": 1000,
    "currency": "NGN"
}
Response: {
    "status": false,
    "message": "Recipient specified is invalid"
}

=========================================================

Date/Time (GMT+1): 2020-09-27 18:38:25
URL: https://api.paystack.co/transfer
Payload: {
    "source": "balance",
    "recipient": "9173413",
    "amount": 1000,
    "currency": "NGN",
    "reason": "Testing transfer."
}
Response: {
    "status": false,
    "message": "Recipient specified is invalid"
}

=========================================================

Date/Time (GMT+1): 2020-09-27 18:40:18
URL: https://api.paystack.co/transfer
Payload: {
    "source": "balance",
    "recipient": "RCP_ze1rqg1opaqhhoz",
    "amount": 100000,
    "currency": "NGN",
    "reason": "Testing transfer."
}
Response: {
    "status": true,
    "message": "Transfer requires OTP to continue",
    "data": {
        "reference": "90tal105zc",
        "integration": 138845,
        "domain": "test",
        "amount": 100000,
        "currency": "NGN",
        "source": "balance",
        "reason": "Testing transfer.",
        "recipient": 9173413,
        "status": "otp",
        "transfer_code": "TRF_022iynqsu48196y",
        "id": 34363902,
        "createdAt": "2020-09-27T17:37:39.389Z",
        "updatedAt": "2020-09-27T17:37:39.389Z"
    }
}

=========================================================

Date/Time (GMT+1): 2020-09-27 20:26:44
URL: https://api.paystack.co/transfer
Payload: {
    "source": "balance",
    "recipient": "RCP_ze1rqg1opaqhhoz",
    "amount": 100000,
    "currency": "NGN",
    "reason": "Testing transfer."
}
Response: {
    "status": true,
    "message": "Transfer requires OTP to continue",
    "data": {
        "reference": "u5avpj2uzl",
        "integration": 138845,
        "domain": "test",
        "amount": 100000,
        "currency": "NGN",
        "source": "balance",
        "reason": "Testing transfer.",
        "recipient": 9173413,
        "status": "otp",
        "transfer_code": "TRF_j496b0sowjb4oah",
        "id": 34373935,
        "createdAt": "2020-09-27T19:24:51.834Z",
        "updatedAt": "2020-09-27T19:24:51.834Z"
    }
}

=========================================================

Date/Time (GMT+1): 2020-09-27 20:30:47
URL: https://api.paystack.co/transfer/finalize_transfer
Payload: {
    "transfer_code": "TRF_j496b0sowjb4oah",
    "otp": "234528"
}
Response: {
    "status": true,
    "message": "Transfer has been queued",
    "data": {
        "domain": "test",
        "amount": 100000,
        "currency": "NGN",
        "reference": "u5avpj2uzl",
        "source": "balance",
        "source_details": null,
        "reason": "Testing transfer.",
        "status": "success",
        "failures": null,
        "transfer_code": "TRF_j496b0sowjb4oah",
        "titan_code": null,
        "transferred_at": null,
        "id": 34373935,
        "integration": 138845,
        "recipient": 9173413,
        "createdAt": "2020-09-27T19:24:51.000Z",
        "updatedAt": "2020-09-27T19:28:50.000Z"
    }
}

=========================================================

Date/Time (GMT+1): 2020-09-27 21:15:31
URL: https://api.paystack.co/transfer/TRF_j496b0sowjb4oah
Payload: 
Response: {
    "status": true,
    "message": "Transfer retrieved",
    "data": {
        "amount": 100000,
        "createdAt": "2020-09-27T19:24:51.000Z",
        "currency": "NGN",
        "domain": "test",
        "failures": null,
        "id": 34373935,
        "integration": 138845,
        "reason": "Testing transfer.",
        "reference": "u5avpj2uzl",
        "source": "balance",
        "source_details": null,
        "status": "success",
        "titan_code": null,
        "transfer_code": "TRF_j496b0sowjb4oah",
        "transferred_at": null,
        "updatedAt": "2020-09-27T19:28:50.000Z",
        "recipient": {
            "active": true,
            "createdAt": "2020-09-27T15:32:13.000Z",
            "currency": "NGN",
            "description": null,
            "domain": "test",
            "email": null,
            "id": 9173413,
            "integration": 138845,
            "metadata": null,
            "name": "Akeem Aweda",
            "recipient_code": "RCP_ze1rqg1opaqhhoz",
            "type": "nuban",
            "updatedAt": "2020-09-27T15:32:13.000Z",
            "is_deleted": false,
            "details": {
                "authorization_code": null,
                "account_number": "0690542668",
                "account_name": null,
                "bank_code": "044",
                "bank_name": "Access Bank"
            }
        },
        "session": {
            "provider": null,
            "id": null
        }
    }
}

=========================================================

Date/Time (GMT+1): 2020-09-27 22:18:43
URL: https://api.paystack.co/bank
Payload: 
Response: {
    "status": true,
    "message": "Banks retrieved",
    "data": [
        {
            "name": "Access Bank",
            "slug": "access-bank",
            "code": "044",
            "longcode": "044150149",
            "gateway": "emandate",
            "pay_with_bank": false,
            "active": true,
            "is_deleted": null,
            "country": "Nigeria",
            "currency": "NGN",
            "type": "nuban",
            "id": 1,
            "createdAt": "2016-07-14T10:04:29.000Z",
            "updatedAt": "2020-02-18T08:06:44.000Z"
        },
        {
            "name": "Access Bank (Diamond)",
            "slug": "access-bank-diamond",
            "code": "063",
            "longcode": "063150162",
            "gateway": "emandate",
            "pay_with_bank": false,
            "active": true,
            "is_deleted": null,
            "country": "Nigeria",
            "currency": "NGN",
            "type": "nuban",
            "id": 3,
            "createdAt": "2016-07-14T10:04:29.000Z",
            "updatedAt": "2020-02-18T08:06:48.000Z"
        },
        {
            "name": "ALAT by WEMA",
            "slug": "alat-by-wema",
            "code": "035A",
            "longcode": "035150103",
            "gateway": "emandate-disabled",
            "pay_with_bank": false,
            "active": true,
            "is_deleted": null,
            "country": "Nigeria",
            "currency": "NGN",
            "type": "nuban",
            "id": 27,
            "createdAt": "2017-11-15T12:21:31.000Z",
            "updatedAt": "2020-09-25T16:14:37.000Z"
        },
        {
            "name": "ASO Savings and Loans",
            "slug": "asosavings",
            "code": "401",
            "longcode": "",
            "gateway": null,
            "pay_with_bank": false,
            "active": true,
            "is_deleted": null,
            "country": "Nigeria",
            "currency": "NGN",
            "type": "nuban",
            "id": 63,
            "createdAt": "2018-09-23T05:52:38.000Z",
            "updatedAt": "2019-01-30T09:38:57.000Z"
        },
        {
            "name": "Bowen Microfinance Bank",
            "slug": "bowen-microfinance-bank",
            "code": "50931",
            "longcode": "",
            "gateway": null,
            "pay_with_bank": false,
            "active": true,
            "is_deleted": false,
            "country": "Nigeria",
            "currency": "NGN",
            "type": "nuban",
            "id": 108,
            "createdAt": "2020-02-11T15:38:57.000Z",
            "updatedAt": "2020-02-11T15:38:57.000Z"
        },
        {
            "name": "CEMCS Microfinance Bank",
            "slug": "cemcs-microfinance-bank",
            "code": "50823",
            "longcode": "",
            "gateway": null,
            "pay_with_bank": false,
            "active": true,
            "is_deleted": false,
            "country": "Nigeria",
            "currency": "NGN",
            "type": "nuban",
            "id": 74,
            "createdAt": "2020-03-23T15:06:13.000Z",
            "updatedAt": "2020-03-23T15:06:28.000Z"
        },
        {
            "name": "Citibank Nigeria",
            "slug": "citibank-nigeria",
            "code": "023",
            "longcode": "023150005",
            "gateway": null,
            "pay_with_bank": false,
            "active": true,
            "is_deleted": null,
            "country": "Nigeria",
            "currency": "NGN",
            "type": "nuban",
            "id": 2,
            "createdAt": "2016-07-14T10:04:29.000Z",
            "updatedAt": "2020-02-18T20:24:02.000Z"
        },
        {
            "name": "Ecobank Nigeria",
            "slug": "ecobank-nigeria",
            "code": "050",
            "longcode": "050150010",
            "gateway": null,
            "pay_with_bank": false,
            "active": true,
            "is_deleted": null,
            "country": "Nigeria",
            "currency": "NGN",
            "type": "nuban",
            "id": 4,
            "createdAt": "2016-07-14T10:04:29.000Z",
            "updatedAt": "2020-02-18T20:23:53.000Z"
        },
        {
            "name": "Ekondo Microfinance Bank",
            "slug": "ekondo-microfinance-bank",
            "code": "562",
            "longcode": "",
            "gateway": null,
            "pay_with_bank": false,
            "active": true,
            "is_deleted": null,
            "country": "Nigeria",
            "currency": "NGN",
            "type": "nuban",
            "id": 64,
            "createdAt": "2018-09-23T05:55:06.000Z",
            "updatedAt": "2018-09-23T05:55:06.000Z"
        },
        {
            "name": "Eyowo",
            "slug": "eyowo",
            "code": "50126",
            "longcode": "",
            "gateway": null,
            "pay_with_bank": false,
            "active": true,
            "is_deleted": null,
            "country": "Nigeria",
            "currency": "NGN",
            "type": "nuban",
            "id": 167,
            "createdAt": "2020-09-07T13:52:22.000Z",
            "updatedAt": "2020-09-10T10:42:40.000Z"
        },
        {
            "name": "Fidelity Bank",
            "slug": "fidelity-bank",
            "code": "070",
            "longcode": "070150003",
            "gateway": "emandate",
            "pay_with_bank": false,
            "active": true,
            "is_deleted": null,
            "country": "Nigeria",
            "currency": "NGN",
            "type": "nuban",
            "id": 6,
            "createdAt": "2016-07-14T10:04:29.000Z",
            "updatedAt": "2020-02-18T07:25:19.000Z"
        },
        {
            "name": "First Bank of Nigeria",
            "slug": "first-bank-of-nigeria",
            "code": "011",
            "longcode": "011151003",
            "gateway": "ibank",
            "pay_with_bank": true,
            "active": true,
            "is_deleted": null,
            "country": "Nigeria",
            "currency": "NGN",
            "type": "nuban",
            "id": 7,
            "createdAt": "2016-07-14T10:04:29.000Z",
            "updatedAt": "2019-11-21T05:09:47.000Z"
        },
        {
            "name": "First City Monument Bank",
            "slug": "first-city-monument-bank",
            "code": "214",
            "longcode": "214150018",
            "gateway": "emandate",
            "pay_with_bank": false,
            "active": true,
            "is_deleted": null,
            "country": "Nigeria",
            "currency": "NGN",
            "type": "nuban",
            "id": 8,
            "createdAt": "2016-07-14T10:04:29.000Z",
            "updatedAt": "2020-02-18T08:06:46.000Z"
        },
        {
            "name": "FSDH Merchant Bank Limited",
            "slug": "fsdh-merchant-bank-limited",
            "code": "501",
            "longcode": "",
            "gateway": null,
            "pay_with_bank": false,
            "active": true,
            "is_deleted": null,
            "country": "Nigeria",
            "currency": "NGN",
            "type": "nuban",
            "id": 112,
            "createdAt": "2020-08-20T09:37:04.000Z",
            "updatedAt": "2020-08-20T09:37:04.000Z"
        },
        {
            "name": "Globus Bank",
            "slug": "globus-bank",
            "code": "00103",
            "longcode": "103015001",
            "gateway": null,
            "pay_with_bank": false,
            "active": true,
            "is_deleted": false,
            "country": "Nigeria",
            "currency": "NGN",
            "type": "nuban",
            "id": 70,
            "createdAt": "2020-02-11T15:38:57.000Z",
            "updatedAt": "2020-02-11T15:38:57.000Z"
        },
        {
            "name": "Guaranty Trust Bank",
            "slug": "guaranty-trust-bank",
            "code": "058",
            "longcode": "058152036",
            "gateway": "ibank",
            "pay_with_bank": true,
            "active": true,
            "is_deleted": null,
            "country": "Nigeria",
            "currency": "NGN",
            "type": "nuban",
            "id": 9,
            "createdAt": "2016-07-14T10:04:29.000Z",
            "updatedAt": "2020-07-17T16:36:24.000Z"
        },
        {
            "name": "Hackman Microfinance Bank",
            "slug": "hackman-microfinance-bank",
            "code": "51251",
            "longcode": "",
            "gateway": null,
            "pay_with_bank": false,
            "active": true,
            "is_deleted": null,
            "country": "Nigeria",
            "currency": "NGN",
            "type": "nuban",
            "id": 111,
            "createdAt": "2020-08-20T09:32:48.000Z",
            "updatedAt": "2020-08-20T09:32:48.000Z"
        },
        {
            "name": "Hasal Microfinance Bank",
            "slug": "hasal-microfinance-bank",
            "code": "50383",
            "longcode": "",
            "gateway": null,
            "pay_with_bank": false,
            "active": true,
            "is_deleted": false,
            "country": "Nigeria",
            "currency": "NGN",
            "type": "nuban",
            "id": 81,
            "createdAt": "2020-02-11T15:38:57.000Z",
            "updatedAt": "2020-02-11T15:38:57.000Z"
        },
        {
            "name": "Heritage Bank",
            "slug": "heritage-bank",
            "code": "030",
            "longcode": "030159992",
            "gateway": null,
            "pay_with_bank": false,
            "active": true,
            "is_deleted": null,
            "country": "Nigeria",
            "currency": "NGN",
            "type": "nuban",
            "id": 10,
            "createdAt": "2016-07-14T10:04:29.000Z",
            "updatedAt": "2020-02-18T20:24:23.000Z"
        },
        {
            "name": "Jaiz Bank",
            "slug": "jaiz-bank",
            "code": "301",
            "longcode": "301080020",
            "gateway": null,
            "pay_with_bank": false,
            "active": true,
            "is_deleted": null,
            "country": "Nigeria",
            "currency": "NGN",
            "type": "nuban",
            "id": 22,
            "createdAt": "2016-10-10T17:26:29.000Z",
            "updatedAt": "2016-10-10T17:26:29.000Z"
        },
        {
            "name": "Keystone Bank",
            "slug": "keystone-bank",
            "code": "082",
            "longcode": "082150017",
            "gateway": null,
            "pay_with_bank": false,
            "active": true,
            "is_deleted": null,
            "country": "Nigeria",
            "currency": "NGN",
            "type": "nuban",
            "id": 11,
            "createdAt": "2016-07-14T10:04:29.000Z",
            "updatedAt": "2020-02-18T20:23:45.000Z"
        },
        {
            "name": "Kuda Bank",
            "slug": "kuda-bank",
            "code": "50211",
            "longcode": "",
            "gateway": "digitalbankmandate",
            "pay_with_bank": true,
            "active": true,
            "is_deleted": false,
            "country": "Nigeria",
            "currency": "NGN",
            "type": "nuban",
            "id": 67,
            "createdAt": "2019-11-15T17:06:54.000Z",
            "updatedAt": "2020-07-01T15:05:18.000Z"
        },
        {
            "name": "Lagos Building Investment Company Plc.",
            "slug": "lbic-plc",
            "code": "90052",
            "longcode": "",
            "gateway": null,
            "pay_with_bank": false,
            "active": true,
            "is_deleted": false,
            "country": "Nigeria",
            "currency": "NGN",
            "type": "nuban",
            "id": 109,
            "createdAt": "2020-08-10T15:07:44.000Z",
            "updatedAt": "2020-08-10T15:07:44.000Z"
        },
        {
            "name": "One Finance",
            "slug": "one-finance",
            "code": "565",
            "longcode": "",
            "gateway": null,
            "pay_with_bank": false,
            "active": true,
            "is_deleted": false,
            "country": "Nigeria",
            "currency": "NGN",
            "type": "nuban",
            "id": 82,
            "createdAt": "2020-06-16T08:15:31.000Z",
            "updatedAt": "2020-06-16T08:15:31.000Z"
        },
        {
            "name": "Parallex Bank",
            "slug": "parallex-bank",
            "code": "526",
            "longcode": "",
            "gateway": null,
            "pay_with_bank": false,
            "active": true,
            "is_deleted": null,
            "country": "Nigeria",
            "currency": "NGN",
            "type": "nuban",
            "id": 26,
            "createdAt": "2017-03-31T13:54:29.000Z",
            "updatedAt": "2019-01-30T09:43:56.000Z"
        },
        {
            "name": "Parkway - ReadyCash",
            "slug": "parkway-ready-cash",
            "code": "311",
            "longcode": "",
            "gateway": null,
            "pay_with_bank": false,
            "active": true,
            "is_deleted": false,
            "country": "Nigeria",
            "currency": "NGN",
            "type": "nuban",
            "id": 110,
            "createdAt": "2020-08-10T15:07:44.000Z",
            "updatedAt": "2020-08-10T15:07:44.000Z"
        },
        {
            "name": "Polaris Bank",
            "slug": "polaris-bank",
            "code": "076",
            "longcode": "076151006",
            "gateway": null,
            "pay_with_bank": false,
            "active": true,
            "is_deleted": null,
            "country": "Nigeria",
            "currency": "NGN",
            "type": "nuban",
            "id": 13,
            "createdAt": "2016-07-14T10:04:29.000Z",
            "updatedAt": "2016-07-14T10:04:29.000Z"
        },
        {
            "name": "Providus Bank",
            "slug": "providus-bank",
            "code": "101",
            "longcode": "",
            "gateway": null,
            "pay_with_bank": false,
            "active": true,
            "is_deleted": null,
            "country": "Nigeria",
            "currency": "NGN",
            "type": "nuban",
            "id": 25,
            "createdAt": "2017-03-27T16:09:29.000Z",
            "updatedAt": "2019-12-16T10:14:36.000Z"
        },
        {
            "name": "Rubies MFB",
            "slug": "rubies-mfb",
            "code": "125",
            "longcode": "",
            "gateway": null,
            "pay_with_bank": false,
            "active": true,
            "is_deleted": false,
            "country": "Nigeria",
            "currency": "NGN",
            "type": "nuban",
            "id": 69,
            "createdAt": "2020-01-25T09:49:59.000Z",
            "updatedAt": "2020-01-25T09:49:59.000Z"
        },
        {
            "name": "Sparkle Microfinance Bank",
            "slug": "sparkle-microfinance-bank",
            "code": "51310",
            "longcode": "",
            "gateway": null,
            "pay_with_bank": false,
            "active": true,
            "is_deleted": false,
            "country": "Nigeria",
            "currency": "NGN",
            "type": "nuban",
            "id": 72,
            "createdAt": "2020-02-11T18:43:14.000Z",
            "updatedAt": "2020-02-11T18:43:14.000Z"
        },
        {
            "name": "Stanbic IBTC Bank",
            "slug": "stanbic-ibtc-bank",
            "code": "221",
            "longcode": "221159522",
            "gateway": null,
            "pay_with_bank": false,
            "active": true,
            "is_deleted": null,
            "country": "Nigeria",
            "currency": "NGN",
            "type": "nuban",
            "id": 14,
            "createdAt": "2016-07-14T10:04:29.000Z",
            "updatedAt": "2020-02-18T20:24:17.000Z"
        },
        {
            "name": "Standard Chartered Bank",
            "slug": "standard-chartered-bank",
            "code": "068",
            "longcode": "068150015",
            "gateway": null,
            "pay_with_bank": false,
            "active": true,
            "is_deleted": null,
            "country": "Nigeria",
            "currency": "NGN",
            "type": "nuban",
            "id": 15,
            "createdAt": "2016-07-14T10:04:29.000Z",
            "updatedAt": "2020-02-18T20:23:40.000Z"
        },
        {
            "name": "Sterling Bank",
            "slug": "sterling-bank",
            "code": "232",
            "longcode": "232150016",
            "gateway": "emandate",
            "pay_with_bank": true,
            "active": true,
            "is_deleted": null,
            "country": "Nigeria",
            "currency": "NGN",
            "type": "nuban",
            "id": 16,
            "createdAt": "2016-07-14T10:04:29.000Z",
            "updatedAt": "2020-08-05T09:58:23.000Z"
        },
        {
            "name": "Suntrust Bank",
            "slug": "suntrust-bank",
            "code": "100",
            "longcode": "",
            "gateway": null,
            "pay_with_bank": false,
            "active": true,
            "is_deleted": null,
            "country": "Nigeria",
            "currency": "NGN",
            "type": "nuban",
            "id": 23,
            "createdAt": "2016-10-10T17:26:29.000Z",
            "updatedAt": "2016-10-10T17:26:29.000Z"
        },
        {
            "name": "TAJ Bank",
            "slug": "taj-bank",
            "code": "302",
            "longcode": "",
            "gateway": null,
            "pay_with_bank": false,
            "active": true,
            "is_deleted": false,
            "country": "Nigeria",
            "currency": "NGN",
            "type": "nuban",
            "id": 68,
            "createdAt": "2020-01-20T11:20:32.000Z",
            "updatedAt": "2020-01-20T11:20:32.000Z"
        },
        {
            "name": "TCF MFB",
            "slug": "tcf-mfb",
            "code": "51211",
            "longcode": "",
            "gateway": null,
            "pay_with_bank": false,
            "active": true,
            "is_deleted": false,
            "country": "Nigeria",
            "currency": "NGN",
            "type": "nuban",
            "id": 75,
            "createdAt": "2020-04-03T09:34:35.000Z",
            "updatedAt": "2020-04-03T09:34:35.000Z"
        },
        {
            "name": "Titan Bank",
            "slug": "titan-bank",
            "code": "102",
            "longcode": "",
            "gateway": null,
            "pay_with_bank": false,
            "active": true,
            "is_deleted": false,
            "country": "Nigeria",
            "currency": "NGN",
            "type": "nuban",
            "id": 73,
            "createdAt": "2020-03-10T11:41:36.000Z",
            "updatedAt": "2020-03-23T15:06:29.000Z"
        },
        {
            "name": "Union Bank of Nigeria",
            "slug": "union-bank-of-nigeria",
            "code": "032",
            "longcode": "032080474",
            "gateway": "emandate",
            "pay_with_bank": false,
            "active": true,
            "is_deleted": null,
            "country": "Nigeria",
            "currency": "NGN",
            "type": "nuban",
            "id": 17,
            "createdAt": "2016-07-14T10:04:29.000Z",
            "updatedAt": "2020-02-18T20:22:54.000Z"
        },
        {
            "name": "United Bank For Africa",
            "slug": "united-bank-for-africa",
            "code": "033",
            "longcode": "033153513",
            "gateway": "emandate",
            "pay_with_bank": true,
            "active": true,
            "is_deleted": null,
            "country": "Nigeria",
            "currency": "NGN",
            "type": "nuban",
            "id": 18,
            "createdAt": "2016-07-14T10:04:29.000Z",
            "updatedAt": "2020-09-08T10:51:01.000Z"
        },
        {
            "name": "Unity Bank",
            "slug": "unity-bank",
            "code": "215",
            "longcode": "215154097",
            "gateway": "emandate",
            "pay_with_bank": false,
            "active": true,
            "is_deleted": null,
            "country": "Nigeria",
            "currency": "NGN",
            "type": "nuban",
            "id": 19,
            "createdAt": "2016-07-14T10:04:29.000Z",
            "updatedAt": "2019-07-22T12:44:02.000Z"
        },
        {
            "name": "VFD",
            "slug": "vfd",
            "code": "566",
            "longcode": "",
            "gateway": null,
            "pay_with_bank": false,
            "active": true,
            "is_deleted": false,
            "country": "Nigeria",
            "currency": "NGN",
            "type": "nuban",
            "id": 71,
            "createdAt": "2020-02-11T15:44:11.000Z",
            "updatedAt": "2020-02-11T15:44:11.000Z"
        },
        {
            "name": "Wema Bank",
            "slug": "wema-bank",
            "code": "035",
            "longcode": "035150103",
            "gateway": null,
            "pay_with_bank": false,
            "active": true,
            "is_deleted": null,
            "country": "Nigeria",
            "currency": "NGN",
            "type": "nuban",
            "id": 20,
            "createdAt": "2016-07-14T10:04:29.000Z",
            "updatedAt": "2020-02-18T20:23:58.000Z"
        },
        {
            "name": "Zenith Bank",
            "slug": "zenith-bank",
            "code": "057",
            "longcode": "057150013",
            "gateway": "emandate",
            "pay_with_bank": true,
            "active": true,
            "is_deleted": null,
            "country": "Nigeria",
            "currency": "NGN",
            "type": "nuban",
            "id": 21,
            "createdAt": "2016-07-14T10:04:29.000Z",
            "updatedAt": "2016-07-14T10:04:29.000Z"
        }
    ]
}

=========================================================

Date/Time (GMT+1): 2020-09-27 22:20:50
URL: https://api.paystack.co/balance
Payload: 
Response: {
    "status": true,
    "message": "Balances retrieved",
    "data": [
        {
            "currency": "NGN",
            "balance": 290437373
        }
    ]
}

=========================================================
